ncsim(64) 15.20-s039
Linux 2.6.32-696.el6.x86_64 #1 SMP Tue Mar 21 19:29:05 UTC 2017 x86_64
CPU cores: 48
Limit information:
======================================
cputime			unlimited
filesize		unlimited
datasize		unlimited
stacksize		10240 kbytes
coredumpsize	0 kbytes
memoryuse		unlimited
vmemoryuse		unlimited
descriptors		4096
memorylocked	64 kbytes
maxproc			1024
======================================
(Special)Runtime environment variables:

Runtime environment variables:
ORBIT_SOCKETDIR=/tmp/orbit-cav04
SELINUX_ROLE_REQUESTED=
SHELL=/bin/bash
TERM=xterm
SSH_CLIENT=140.116.157.4 7667 22
GTK_RC_FILES=/etc/gtk/gtkrc:/home/cav04/.gtkrc-1.2-gnome2
SELINUX_USE_CURRENT_RANGE=
WINDOWID=41943044
QTDIR=/usr/lib64/qt-3.3
QTINC=/usr/lib64/qt-3.3/include
USER=cav04
LS_COLORS=rs=0:di=01;34:ln=01;36:mh=00:pi=40;33:so=01;35:do=01;35:bd=40;33;01:cd=40;33;01:or=40;31;01:mi=01;05;37;41:su=37;41:sg=30;43:ca=30;41:tw=30;42:ow=34;42:st=37;44:ex=01;32:*.tar=01;31:*.tgz=01;31:*.arj=01;31:*.taz=01;31:*.lzh=01;31:*.lzma=01;31:*.tlz=01;31:*.txz=01;31:*.zip=01;31:*.z=01;31:*.Z=01;31:*.dz=01;31:*.gz=01;31:*.lz=01;31:*.xz=01;31:*.bz2=01;31:*.tbz=01;31:*.tbz2=01;31:*.bz=01;31:*.tz=01;31:*.deb=01;31:*.rpm=01;31:*.jar=01;31:*.rar=01;31:*.ace=01;31:*.zoo=01;31:*.cpio=01;31:*.7z=01;31:*.rz=01;31:*.jpg=01;35:*.jpeg=01;35:*.gif=01;35:*.bmp=01;35:*.pbm=01;35:*.pgm=01;35:*.ppm=01;35:*.tga=01;35:*.xbm=01;35:*.xpm=01;35:*.tif=01;35:*.tiff=01;35:*.png=01;35:*.svg=01;35:*.svgz=01;35:*.mng=01;35:*.pcx=01;35:*.mov=01;35:*.mpg=01;35:*.mpeg=01;35:*.m2v=01;35:*.mkv=01;35:*.ogm=01;35:*.mp4=01;35:*.m4v=01;35:*.mp4v=01;35:*.vob=01;35:*.qt=01;35:*.nuv=01;35:*.wmv=01;35:*.asf=01;35:*.rm=01;35:*.rmvb=01;35:*.flc=01;35:*.avi=01;35:*.fli=01;35:*.flv=01;35:*.gl=01;35:*.dl=01;35:*.xcf=01;35:*.xwd=01;35:*.yuv=01;35:*.cgm=01;35:*.emf=01;35:*.axv=01;35:*.anx=01;35:*.ogv=01;35:*.ogx=01;35:*.aac=01;36:*.au=01;36:*.flac=01;36:*.mid=01;36:*.midi=01;36:*.mka=01;36:*.mp3=01;36:*.mpc=01;36:*.ogg=01;36:*.ra=01;36:*.wav=01;36:*.axa=01;36:*.oga=01;36:*.spx=01;36:*.xspf=01;36:
GNOME_KEYRING_SOCKET=/tmp/keyring-vCYhEQ/socket
SSH_AUTH_SOCK=/tmp/keyring-vCYhEQ/socket.ssh
SESSION_MANAGER=local/unix:@/tmp/.ICE-unix/61858,unix/unix:/tmp/.ICE-unix/61858
MAIL=/var/spool/mail/cav04
PATH=/usr/cad/synopsys/verdi/cur/bin:/usr/cad/synopsys/verdi/cur/nLint/bin:/usr/cad/cadence/INCISIV/cur/tools/bin/64bit:/usr/cad/cadence/INCISIV/cur/tools/vtools/vfault/bin/64bit:/usr/cad/cadence/INCISIV/cur/tools/dfII/bin/64bit:/usr/lib64/qt-3.3/bin:/usr/local/bin:/bin:/usr/bin
PWD=/home/cav04/project/0206/bcp_unit
KDE_IS_PRELINKED=1
LANG=en_US.UTF-8
KDEDIRS=/usr
SELINUX_LEVEL_REQUESTED=
SSH_ASKPASS=/usr/libexec/openssh/gnome-ssh-askpass
SHLVL=3
HOME=/home/cav04
GNOME_DESKTOP_SESSION_ID=this-is-deprecated
LOGNAME=cav04
CVS_RSH=ssh
QTLIB=/usr/lib64/qt-3.3/lib
SSH_CONNECTION=140.116.157.4 7667 140.116.157.14 22
DBUS_SESSION_BUS_ADDRESS=unix:abstract=/tmp/dbus-399OT3aNT2,guid=99a5d361e673a0b5ba0317ec00694421
LESSOPEN=||/usr/bin/lesspipe.sh %s
DISPLAY=localhost:15.0
G_BROKEN_FILENAMES=1
COLORTERM=gnome-terminal
_=/bin/tcsh
HOSTTYPE=x86_64-linux
VENDOR=unknown
OSTYPE=linux
MACHTYPE=x86_64
GROUP=cavlab
HOST=cav
REMOTEHOST=localhost.localdomain
LD_LIBRARY_PATH=/usr/cad/synopsys/verdi/cur/share/PLI/IUS/LINUX64/:/usr/cad/cadence/INCISIV/cur/tools/lib:/usr/cad/cadence/INCISIV/cur/tools/vtools/vfault/lib::/usr/openwin/lib:/usr/dt/lib:/usr/lib:/usr/local/lib
LM_LICENSE_FILE=26585@lsncku:5280@lscic:5280@lsntu:5280@lsncku:
SHLIB_PATH=/usr/cad/synopsys/verdi/cur/share/PLI/IUS/LINUX64
_IRUNROOT_=/usr/cad/cadence/INCISIV/cur/tools
CDS_ARCH=lnx86
NCRUNMODE=ncverilog:./INCA_libs/irun.lnx8664.15.20.nc
IRUNBATCH=FALSE
IMPERAS_PORT_FILE=.vsp_ovp_gdb_port
TCL_LIBRARY=/usr/cad/cadence/INCISIV/cur/tools/inca/files/tcl/library
Runtime command line arguments:
argv[0]=ncverilog
argv[1]=t_sat_top.sv
argv[2]=+access+r
75 profile - 100
          CPU/Mem usage: 0.020 sys,  0.020 user,  196.10M sys,  0.00M vm
76 VC callback profile - scalar:0 vector:0
77 Thu Feb 22 14:56:52 2018
78 pliAppInit
79 *Verdi3* : Enable Parallel Dumping.
80 pliAppMiscSet: New Sim Round
81 pliEntryInit
82 LIBSSCORE=found /usr/cad/synopsys/verdi/cur/share/PLI/IUS/LINUX64/libsscore_ius152.so through $LD_LIBRARY_PATH setting.
83 argv[0]: t_sat_top.fsdb
84 argv[0]: 0
85 argv[1]: (handle)0x4329478 t_sat_top
86 FSDB Dumper for IUS, Release Verdi3_L-2016.06-SP1-1, Linux x86_64/64bit, 09/27/2016
87 (C) 1996 - 2016 by Synopsys, Inc.
88 sps_call_fsdbDumpfile at 0 : /home/cav04/project/0206/bcp_unit/t_sat_top.sv(39)
89 argv[0]: t_sat_top.fsdb
90 *Verdi3* FSDB WARNING: The FSDB file already exists. Overwriting the FSDB file may crash the programs that are using this file.
91 *Verdi3* : Create FSDB file 't_sat_top.fsdb'
92 sps_call_fsdbDumpvars at 0 : /home/cav04/project/0206/bcp_unit/t_sat_top.sv(40)
93 argv[0]: 0
94 argv[1]: (handle)0x4329468 t_sat_top
95 *Verdi3* : Begin traversing the scope (t_sat_top), layer (0).
96 *Verdi3* : End of traversing.
97 fsdbDumpvars traverse var: profile - 
          CPU/Mem usage: 0.030 sys,  0.040 user,  293.00M sys,  0.00M vm
                   incr: 0.000 sys,  0.010 user,  9.30M sys,  0.00M vm
                   accu: 0.000 sys,  0.010 user,  9.30M sys,  0.00M vm
              accu incr: 0.000 sys,  0.010 user,  9.30M sys,  0.00M vm

          Count usage: 958 var,  840 idcode,  840 callback
                 incr: 958 var,  840 idcode,  840 callback
                 accu: 958 var,  840 idcode,  840 callback
            accu incr: 958 var,  840 idcode,  840 callback
98 VC callback profile - scalar:0 vector:0
99 Thu Feb 22 14:56:52 2018
100 fsdbDumpvars: profile - 
          CPU/Mem usage: 0.030 sys,  0.040 user,  294.05M sys,  0.00M vm
                   incr: 0.000 sys,  0.000 user,  1.05M sys,  0.00M vm
                   accu: 0.000 sys,  0.010 user,  10.35M sys,  0.00M vm
              accu incr: 0.000 sys,  0.000 user,  1.05M sys,  0.00M vm

          Count usage: 958 var,  840 idcode,  840 callback
                 incr: 0 var,  0 idcode,  0 callback
                 accu: 958 var,  840 idcode,  840 callback
            accu incr: 0 var,  0 idcode,  0 callback
101 VC callback profile - scalar:549 vector:291
102 Thu Feb 22 14:56:52 2018
103 End of simulation at 2040
104 VC callback profile - scalar:2831 vector:1885
105 Thu Feb 22 14:56:52 2018
106 Begin FSDB profile info:
107 FSDB Writer : flush elapsed time(0.066754) bc1(2831) bcn(1885) mtf/stf(0/0) MT Compression : 0
108 End FSDB profile info
109 Parallel profile    -  Flush:3 Expand:0 ProduceWait:0 ConsumerWait:0 BlockUsed:0
110                        ProduceTime:0.084692845 ConsumerTime:0.000000000 Buffer:64MB
111 SimExit
112 Sim process exit
